17:39:07: Creating resource group General
17:39:07: Creating resource group Internal
17:39:07: Creating resource group Autodetect
17:39:07: SceneManagerFactory for type 'DefaultSceneManager' registered.
17:39:07: Registering ResourceManager for type Material
17:39:07: Registering ResourceManager for type Mesh
17:39:07: Registering ResourceManager for type Skeleton
17:39:07: MovableObjectFactory for type 'ParticleSystem' registered.
17:39:07: OverlayElementFactory for type Panel registered.
17:39:07: OverlayElementFactory for type BorderPanel registered.
17:39:07: OverlayElementFactory for type TextArea registered.
17:39:07: Registering ResourceManager for type Font
17:39:07: ArchiveFactory for archive type FileSystem registered.
17:39:07: ArchiveFactory for archive type Zip registered.
17:39:07: DDS codec registering
17:39:07: FreeImage version: 3.15.1
17:39:07: This program uses FreeImage, a free, open source image library supporting all common bitmap formats. See http://freeimage.sourceforge.net for details
17:39:07: Supported formats: bmp,ico,jpg,jif,jpeg,jpe,jng,koa,iff,lbm,mng,pbm,pbm,pcd,pcx,pgm,pgm,png,ppm,ppm,ras,tga,targa,tif,tiff,wap,wbmp,wbm,psd,cut,xbm,xpm,gif,hdr,g3,sgi,exr,j2k,j2c,jp2,pfm,pct,pict,pic,3fr,arw,bay,bmq,cap,cine,cr2,crw,cs1,dc2,dcr,drf,dsc,dng,erf,fff,ia,iiq,k25,kc2,kdc,mdc,mef,mos,mrw,nef,nrw,orf,pef,ptx,pxn,qtk,raf,raw,rdc,rw2,rwl,rwz,sr2,srf,sti
17:39:07: Registering ResourceManager for type HighLevelGpuProgram
17:39:07: Registering ResourceManager for type Compositor
17:39:07: MovableObjectFactory for type 'Entity' registered.
17:39:07: MovableObjectFactory for type 'Light' registered.
17:39:07: MovableObjectFactory for type 'BillboardSet' registered.
17:39:07: MovableObjectFactory for type 'ManualObject' registered.
17:39:07: MovableObjectFactory for type 'BillboardChain' registered.
17:39:07: MovableObjectFactory for type 'RibbonTrail' registered.
17:39:07: *-*-* OGRE Initialising
17:39:07: *-*-* Version 1.7.4 (Cthugha)
17:39:07: Loading library /usr/lib/i386-linux-gnu/OGRE-1.7.4/RenderSystem_GL
17:39:07: Installing plugin: GL RenderSystem
17:39:07: OpenGL Rendering Subsystem created.
17:39:07: Plugin successfully installed
17:39:07: Loading library /usr/lib/i386-linux-gnu/OGRE-1.7.4/Plugin_OctreeSceneManager
17:39:07: Installing plugin: Octree & Terrain Scene Manager
17:39:07: Plugin successfully installed
17:39:07: Loading library /usr/lib/i386-linux-gnu/OGRE-1.7.4/Plugin_ParticleFX
17:39:07: Installing plugin: ParticleFX
17:39:07: Particle Emitter Type 'Point' registered
17:39:07: Particle Emitter Type 'Box' registered
17:39:07: Particle Emitter Type 'Ellipsoid' registered
17:39:07: Particle Emitter Type 'Cylinder' registered
17:39:07: Particle Emitter Type 'Ring' registered
17:39:07: Particle Emitter Type 'HollowEllipsoid' registered
17:39:07: Particle Affector Type 'LinearForce' registered
17:39:07: Particle Affector Type 'ColourFader' registered
17:39:07: Particle Affector Type 'ColourFader2' registered
17:39:07: Particle Affector Type 'ColourImage' registered
17:39:07: Particle Affector Type 'ColourInterpolator' registered
17:39:07: Particle Affector Type 'Scaler' registered
17:39:07: Particle Affector Type 'Rotator' registered
17:39:07: Particle Affector Type 'DirectionRandomiser' registered
17:39:07: Particle Affector Type 'DeflectorPlane' registered
17:39:07: Plugin successfully installed
17:39:07: CPU Identifier & Features
17:39:07: -------------------------
17:39:07:  *   CPU ID: GenuineIntel: Intel(R) Core(TM) i7 CPU       M 620  @ 2.67GHz
17:39:07:  *      SSE: yes
17:39:07:  *     SSE2: yes
17:39:07:  *     SSE3: yes
17:39:07:  *      MMX: yes
17:39:07:  *   MMXEXT: yes
17:39:07:  *    3DNOW: no
17:39:07:  * 3DNOWEXT: no
17:39:07:  *     CMOV: yes
17:39:07:  *      TSC: yes
17:39:07:  *      FPU: yes
17:39:07:  *      PRO: yes
17:39:07:  *       HT: no
17:39:07: -------------------------
17:39:07: ******************************
*** Starting GLX Subsystem ***
******************************
17:39:07: GLRenderSystem::_createRenderWindow "OgreWindow(0)", 1x1 windowed  miscParams: externalGLControl= macAPI=carbon parentWindowHandle=73400321 
17:39:07: GLXWindow::create used FBConfigID = 291
17:39:07: GL_VERSION = 2.1 Mesa 8.0.4
17:39:07: GL_VENDOR = nouveau
17:39:07: GL_RENDERER = Gallium 0.4 on NVA8
17:39:07: GL_EXTENSIONS = GL_ARB_multisample GL_EXT_abgr GL_EXT_bgra GL_EXT_blend_color GL_EXT_blend_minmax GL_EXT_blend_subtract GL_EXT_copy_texture GL_EXT_polygon_offset GL_EXT_subtexture GL_EXT_texture_object GL_EXT_vertex_array GL_EXT_compiled_vertex_array GL_EXT_texture GL_EXT_texture3D GL_IBM_rasterpos_clip GL_ARB_point_parameters GL_EXT_draw_range_elements GL_EXT_packed_pixels GL_EXT_point_parameters GL_EXT_rescale_normal GL_EXT_separate_specular_color GL_EXT_texture_edge_clamp GL_SGIS_generate_mipmap GL_SGIS_texture_border_clamp GL_SGIS_texture_edge_clamp GL_SGIS_texture_lod GL_ARB_framebuffer_sRGB GL_ARB_multitexture GL_EXT_framebuffer_sRGB GL_IBM_multimode_draw_arrays GL_IBM_texture_mirrored_repeat GL_ARB_texture_cube_map GL_ARB_texture_env_add GL_ARB_transpose_matrix GL_EXT_blend_func_separate GL_EXT_fog_coord GL_EXT_multi_draw_arrays GL_EXT_secondary_color GL_EXT_texture_env_add GL_EXT_texture_filter_anisotropic GL_EXT_texture_lod_bias GL_INGR_blend_func_separate GL_NV_blend_square GL_NV_light_max_exponent GL_NV_texgen_reflection GL_NV_texture_env_combine4 GL_SUN_multi_draw_arrays GL_ARB_texture_border_clamp GL_ARB_texture_compression GL_EXT_framebuffer_object GL_EXT_texture_env_combine GL_EXT_texture_env_dot3 GL_MESA_window_pos GL_NV_packed_depth_stencil GL_NV_texture_rectangle GL_ARB_depth_texture GL_ARB_occlusion_query GL_ARB_shadow GL_ARB_texture_env_combine GL_ARB_texture_env_crossbar GL_ARB_texture_env_dot3 GL_ARB_texture_mirrored_repeat GL_ARB_window_pos GL_EXT_stencil_two_side GL_EXT_texture_cube_map GL_NV_depth_clamp GL_NV_fog_distance GL_APPLE_packed_pixels GL_APPLE_vertex_array_object GL_ARB_draw_buffers GL_ARB_fragment_program GL_ARB_fragment_shader GL_ARB_shader_objects GL_ARB_vertex_program GL_ARB_vertex_shader GL_ATI_draw_buffers GL_ATI_texture_env_combine3 GL_ATI_texture_float GL_EXT_shadow_funcs GL_EXT_stencil_wrap GL_MESA_pack_invert GL_NV_primitive_restart GL_ARB_depth_clamp GL_ARB_fragment_program_shadow GL_ARB_half_float_pixel GL_ARB_occlusion_query2 GL_ARB_point_sprite GL_ARB_shading_language_100 GL_ARB_sync GL_ARB_texture_non_power_of_two GL_ARB_vertex_buffer_object GL_ATI_blend_equation_separate GL_EXT_blend_equation_separate GL_OES_read_format GL_ARB_color_buffer_float GL_ARB_pixel_buffer_object GL_ARB_texture_compression_rgtc GL_ARB_texture_float GL_ARB_texture_rectangle GL_ATI_texture_compression_3dc GL_EXT_packed_float GL_EXT_pixel_buffer_object GL_EXT_texture_compression_rgtc GL_EXT_texture_mirror_clamp GL_EXT_texture_rectangle GL_EXT_texture_sRGB GL_EXT_texture_shared_exponent GL_ARB_framebuffer_object GL_EXT_framebuffer_blit GL_EXT_framebuffer_multisample GL_EXT_packed_depth_stencil GL_ARB_vertex_array_object GL_ATI_separate_stencil GL_ATI_texture_mirror_once GL_EXT_draw_buffers2 GL_EXT_draw_instanced GL_EXT_gpu_program_parameters GL_EXT_texture_compression_latc GL_EXT_texture_sRGB_decode GL_EXT_timer_query GL_OES_EGL_image GL_ARB_copy_buffer GL_ARB_depth_buffer_float GL_ARB_draw_instanced GL_ARB_half_float_vertex GL_ARB_instanced_arrays GL_ARB_map_buffer_range GL_ARB_texture_rg GL_ARB_texture_swizzle GL_ARB_vertex_array_bgra GL_EXT_separate_shader_objects GL_EXT_texture_swizzle GL_EXT_vertex_array_bgra GL_NV_conditional_render GL_AMD_draw_buffers_blend GL_ARB_ES2_compatibility GL_ARB_draw_buffers_blend GL_ARB_draw_elements_base_vertex GL_ARB_explicit_attrib_location GL_ARB_fragment_coord_conventions GL_ARB_provoking_vertex GL_ARB_sampler_objects GL_ARB_seamless_cube_map GL_ARB_shader_texture_lod GL_EXT_provoking_vertex GL_EXT_texture_snorm GL_MESA_texture_signed_rgba GL_NV_texture_barrier GL_ARB_robustness GL_ARB_texture_storage 
17:39:07: Supported GLX extensions: GLX_ARB_get_proc_address GLX_ARB_multisample GLX_EXT_import_context GLX_EXT_visual_info GLX_EXT_visual_rating GLX_MESA_copy_sub_buffer GLX_MESA_multithread_makecurrent GLX_MESA_swap_control GLX_OML_swap_method GLX_OML_sync_control GLX_SGI_make_current_read GLX_SGI_swap_control GLX_SGI_video_sync GLX_SGIS_multisample GLX_SGIX_fbconfig GLX_SGIX_pbuffer GLX_SGIX_visual_select_group GLX_EXT_texture_from_pixmap 
17:39:07: ***************************
17:39:07: *** GL Renderer Started ***
17:39:07: ***************************
17:39:07: Registering ResourceManager for type GpuProgram
17:39:07: GLSL support detected
17:39:07: GL: Using GL_EXT_framebuffer_object for rendering to textures (best)
17:39:07: FBO PF_UNKNOWN depth/stencil support: D0S1 D0S4 D0S8 D0S16 D16S0 D24S0 D32S0 Packed-D24S8 
17:39:07: FBO PF_L8 depth/stencil support: D0S0 D0S1 D0S4 D0S8 D0S16 D16S0 D24S0 D32S0 Packed-D24S8 
17:39:07: FBO PF_L16 depth/stencil support: D0S0 D0S1 D0S4 D0S8 D0S16 D16S0 D24S0 D32S0 Packed-D24S8 
17:39:07: FBO PF_A8 depth/stencil support: D0S0 D0S1 D0S4 D0S8 D0S16 D16S0 D24S0 D32S0 Packed-D24S8 
17:39:07: FBO PF_A1R5G5B5 depth/stencil support: D0S0 D0S1 D0S4 D0S8 D0S16 D16S0 D24S0 D32S0 Packed-D24S8 
17:39:07: FBO PF_R8G8B8 depth/stencil support: D0S0 D0S1 D0S4 D0S8 D0S16 D16S0 D24S0 D32S0 Packed-D24S8 
17:39:07: FBO PF_B8G8R8 depth/stencil support: D0S0 D0S1 D0S4 D0S8 D0S16 D16S0 D24S0 D32S0 Packed-D24S8 
17:39:07: FBO PF_A8R8G8B8 depth/stencil support: D0S0 D0S1 D0S4 D0S8 D0S16 D16S0 D24S0 D32S0 Packed-D24S8 
17:39:07: FBO PF_B8G8R8A8 depth/stencil support: D0S0 D0S1 D0S4 D0S8 D0S16 D16S0 D24S0 D32S0 Packed-D24S8 
17:39:07: FBO PF_A2R10G10B10 depth/stencil support: D0S0 D0S1 D0S4 D0S8 D0S16 D16S0 D24S0 D32S0 Packed-D24S8 
17:39:07: FBO PF_A2B10G10R10 depth/stencil support: D0S0 D0S1 D0S4 D0S8 D0S16 D16S0 D24S0 D32S0 Packed-D24S8 
17:39:07: FBO PF_FLOAT16_RGB depth/stencil support: D0S0 D0S1 D0S4 D0S8 D0S16 D16S0 D24S0 D32S0 Packed-D24S8 
17:39:07: FBO PF_FLOAT16_RGBA depth/stencil support: D0S0 D0S1 D0S4 D0S8 D0S16 D16S0 D24S0 D32S0 Packed-D24S8 
17:39:08: FBO PF_FLOAT32_RGB depth/stencil support: D0S0 D0S1 D0S4 D0S8 D0S16 D16S0 D24S0 D32S0 Packed-D24S8 
17:39:08: FBO PF_FLOAT32_RGBA depth/stencil support: D0S0 D0S1 D0S4 D0S8 D0S16 D16S0 D24S0 D32S0 Packed-D24S8 
17:39:08: FBO PF_X8R8G8B8 depth/stencil support: D0S0 D0S1 D0S4 D0S8 D0S16 D16S0 D24S0 D32S0 Packed-D24S8 
17:39:08: FBO PF_X8B8G8R8 depth/stencil support: D0S0 D0S1 D0S4 D0S8 D0S16 D16S0 D24S0 D32S0 Packed-D24S8 
17:39:08: FBO PF_SHORT_RGBA depth/stencil support: D0S0 D0S1 D0S4 D0S8 D0S16 D16S0 D24S0 D32S0 Packed-D24S8 
17:39:08: FBO PF_FLOAT16_R depth/stencil support: D0S0 D0S1 D0S4 D0S8 D0S16 D16S0 D24S0 D32S0 Packed-D24S8 
17:39:08: FBO PF_FLOAT32_R depth/stencil support: D0S0 D0S1 D0S4 D0S8 D0S16 D16S0 D24S0 D32S0 Packed-D24S8 
17:39:08: FBO PF_SHORT_RGB depth/stencil support: D0S0 D0S1 D0S4 D0S8 D0S16 D16S0 D24S0 D32S0 Packed-D24S8 
17:39:08: [GL] : Valid FBO targets PF_UNKNOWN PF_L8 PF_L16 PF_A8 PF_A1R5G5B5 PF_R8G8B8 PF_B8G8R8 PF_A8R8G8B8 PF_B8G8R8A8 PF_A2R10G10B10 PF_A2B10G10R10 PF_FLOAT16_RGB PF_FLOAT16_RGBA PF_FLOAT32_RGB PF_FLOAT32_RGBA PF_X8R8G8B8 PF_X8B8G8R8 PF_SHORT_RGBA PF_FLOAT16_R PF_FLOAT32_R PF_SHORT_RGB 
17:39:08: RenderSystem capabilities
17:39:08: -------------------------
17:39:08: RenderSystem Name: OpenGL Rendering Subsystem
17:39:08: GPU Vendor: unknown
17:39:08: Device Name: Gallium 0.4 on NVA8
17:39:08: Driver Version: 2.1.0.0
17:39:08:  * Fixed function pipeline: yes
17:39:08:  * Hardware generation of mipmaps: yes
17:39:08:  * Texture blending: yes
17:39:08:  * Anisotropic texture filtering: yes
17:39:08:  * Dot product texture operation: yes
17:39:08:  * Cube mapping: yes
17:39:08:  * Hardware stencil buffer: yes
17:39:08:    - Stencil depth: 8
17:39:08:    - Two sided stencil support: yes
17:39:08:    - Wrap stencil values: yes
17:39:08:  * Hardware vertex / index buffers: yes
17:39:08:  * Vertex programs: yes
17:39:08:  * Number of floating-point constants for vertex programs: 4096
17:39:08:  * Number of integer constants for vertex programs: 0
17:39:08:  * Number of boolean constants for vertex programs: 0
17:39:08:  * Fragment programs: yes
17:39:08:  * Number of floating-point constants for fragment programs: 4096
17:39:08:  * Number of integer constants for fragment programs: 0
17:39:08:  * Number of boolean constants for fragment programs: 0
17:39:08:  * Geometry programs: no
17:39:08:  * Number of floating-point constants for geometry programs: 0
17:39:08:  * Number of integer constants for geometry programs: 0
17:39:08:  * Number of boolean constants for geometry programs: 0
17:39:08:  * Supported Shader Profiles: arbfp1 arbvp1 glsl
17:39:08:  * Texture Compression: yes
17:39:08:    - DXT: no
17:39:08:    - VTC: no
17:39:08:    - PVRTC: no
17:39:08:  * Scissor Rectangle: yes
17:39:08:  * Hardware Occlusion Query: yes
17:39:08:  * User clip planes: yes
17:39:08:  * VET_UBYTE4 vertex element type: yes
17:39:08:  * Infinite far plane projection: yes
17:39:08:  * Hardware render-to-texture: yes
17:39:08:  * Floating point textures: yes
17:39:08:  * Non-power-of-two textures: yes
17:39:08:  * Volume textures: yes
17:39:08:  * Multiple Render Targets: 8
17:39:08:    - With different bit depths: yes
17:39:08:  * Point Sprites: yes
17:39:08:  * Extended point parameters: yes
17:39:08:  * Max Point Size: 64
17:39:08:  * Vertex texture fetch: yes
17:39:08:  * Number of world matrices: 0
17:39:08:  * Number of texture units: 16
17:39:08:  * Stencil buffer depth: 8
17:39:08:  * Number of vertex blend matrices: 0
17:39:08:    - Max vertex textures: 16
17:39:08:    - Vertex textures shared: yes
17:39:08:  * Render to Vertex Buffer : no
17:39:08:  * GL 1.5 without VBO workaround: no
17:39:08:  * Frame Buffer objects: yes
17:39:08:  * Frame Buffer objects (ARB extension): no
17:39:08:  * Frame Buffer objects (ATI extension): no
17:39:08:  * PBuffer support: yes
17:39:08:  * GL 1.5 without HW-occlusion workaround: no
17:39:08: Registering ResourceManager for type Texture
17:39:08: DefaultWorkQueue('Root') initialising on thread 0x9e07ab0.
17:39:08: DefaultWorkQueue('Root')::WorkerFunc - thread 0xa0a3588 starting.
17:39:08: Particle Renderer Type 'billboard' registered
17:39:08: SceneManagerFactory for type 'OctreeSceneManager' registered.
17:39:08: SceneManagerFactory for type 'TerrainSceneManager' registered.
17:39:08: DefaultWorkQueue('Root')::WorkerFunc - thread 0xa1b3310 starting.
17:39:08: DefaultWorkQueue('Root')::WorkerFunc - thread 0xa1b3510 starting.
17:39:08: DefaultWorkQueue('Root')::WorkerFunc - thread 0xa171e68 starting.
17:39:08: Creating resource group rviz
17:39:08: Added resource location '/opt/ros/groovy/share/rviz/ogre_media' of type 'FileSystem' to resource group 'rviz'
17:39:08: Added resource location '/opt/ros/groovy/share/rviz/ogre_media/textures' of type 'FileSystem' to resource group 'rviz'
17:39:08: Added resource location '/opt/ros/groovy/share/rviz/ogre_media/fonts' of type 'FileSystem' to resource group 'rviz'
17:39:08: Added resource location '/opt/ros/groovy/share/rviz/ogre_media/models' of type 'FileSystem' to resource group 'rviz'
17:39:08: Added resource location '/opt/ros/groovy/share/rviz/ogre_media/materials' of type 'FileSystem' to resource group 'rviz'
17:39:08: Added resource location '/opt/ros/groovy/share/rviz/ogre_media/materials/scripts' of type 'FileSystem' to resource group 'rviz'
17:39:08: Added resource location '/opt/ros/groovy/share/rviz/ogre_media/materials/glsl120' of type 'FileSystem' to resource group 'rviz'
17:39:08: Added resource location '/opt/ros/groovy/share/rviz/ogre_media/materials/glsl120/nogp' of type 'FileSystem' to resource group 'rviz'
17:39:08: Added resource location '/opt/ros/groovy/share/rviz/ogre_media/materials/scripts120' of type 'FileSystem' to resource group 'rviz'
17:39:08: Parsing scripts for resource group Autodetect
17:39:08: Finished parsing scripts for resource group Autodetect
17:39:08: Parsing scripts for resource group General
17:39:08: Finished parsing scripts for resource group General
17:39:08: Parsing scripts for resource group Internal
17:39:08: Finished parsing scripts for resource group Internal
17:39:08: Parsing scripts for resource group rviz
17:39:08: Parsing script glsl120.program
17:39:08: GLSL compiled : rviz/glsl120/include/pack_depth.frag
17:39:08: GLSL compiled : rviz/glsl120/include/circle_impl.frag
17:39:08: GLSL compiled : rviz/glsl120/depth_circle.frag
17:39:08: GLSL compiled : rviz/glsl120/include/pack_depth.frag
17:39:08: GLSL compiled : rviz/glsl120/depth.frag
17:39:08: GLSL compiled : rviz/glsl120/include/pass_depth.vert
17:39:08: GLSL compiled : rviz/glsl120/depth.vert
17:39:08: GLSL compiled : rviz/glsl120/flat_color.frag
17:39:08: GLSL compiled : rviz/glsl120/include/circle_impl.frag
17:39:08: GLSL compiled : rviz/glsl120/flat_color_circle.frag
17:39:08: GLSL compiled : rviz/glsl120/include/circle_impl.frag
17:39:08: GLSL compiled : rviz/glsl120/include/circle_impl.frag
17:39:08: GLSL compiled : rviz/glsl120/pickcolor_circle.frag
17:39:08: GLSL compiled : rviz/glsl120/pickcolor.frag
17:39:08: GLSL compiled : rviz/glsl120/point.vert
17:39:08: GLSL compiled : rviz/glsl120/include/pass_depth.vert
17:39:08: GLSL compiled : rviz/glsl120/point.vert(with_depth)
17:39:08: GLSL compiled : rviz/glsl120/shaded_circle.frag
17:39:08: GLSL compiled : rviz/glsl120/smooth_square.frag
17:39:08: Parsing script nogp.program
17:39:08: GLSL compiled : rviz/glsl120/nogp/billboard_tile.vert
17:39:08: GLSL compiled : rviz/glsl120/include/pass_depth.vert
17:39:08: GLSL compiled : rviz/glsl120/nogp/billboard_tile.vert(with_depth)
17:39:08: GLSL compiled : rviz/glsl120/nogp/billboard.vert
17:39:08: GLSL compiled : rviz/glsl120/include/pass_depth.vert
17:39:08: GLSL compiled : rviz/glsl120/nogp/billboard.vert(with_depth)
17:39:08: GLSL compiled : rviz/glsl120/nogp/box.vert
17:39:08: GLSL compiled : rviz/glsl120/include/pass_depth.vert
17:39:08: GLSL compiled : rviz/glsl120/nogp/box.vert(with_depth)
17:39:08: GLSL compiled : rviz/glsl120/nogp/box.frag
17:39:08: Parsing script default_pick_and_depth.material
17:39:08: GLSL compiled : rviz/glsl120/black.frag
17:39:08: Parsing script point_cloud_tile.material
17:39:08: GLSL compiled : rviz/glsl120/pass_color.frag
17:39:08: Parsing script point_cloud_point.material
17:39:08: GLSL compiled : rviz/glsl120/pass_color_circle.frag
17:39:08: Parsing script point_cloud_flat_square.material
17:39:08: Parsing script point_cloud_square.material
17:39:08: Parsing script point_cloud_box.material
17:39:08: Parsing script point_cloud_sphere.material
17:39:08: Parsing script arial.fontdef
17:39:08: Finished parsing scripts for resource group rviz
17:39:08: GLRenderSystem::_createRenderWindow "OgreWindow(1)", 100x30 windowed  miscParams: externalGLControl= macAPI=carbon parentWindowHandle=69206122 
17:39:08: GLXWindow::create used FBConfigID = 291
17:39:09: Mesh: Loading rviz_sphere.mesh.
17:39:09: Texture: SelectionRect0Texture: Loading 1 faces(PF_R8G8B8A8,1x1x1) with  hardware generated mipmaps from Image. Internal format is PF_A8R8G8B8,1x1x1.
17:39:09: Mesh: Loading rviz_cylinder.mesh.
17:39:09: Mesh: Loading rviz_cone.mesh.
17:39:12: Font Arialusing texture size 512x512
17:39:12: Info: Freetype returned null for character 160 in font Arial
17:39:12: Texture: ArialTexture: Loading 1 faces(PF_BYTE_LA,512x512x1) with  hardware generated mipmaps from Image. Internal format is PF_BYTE_LA,512x512x1.
17:39:12: Texture: MapTexture0: Loading 1 faces(PF_L8,1984x1984x1) with  hardware generated mipmaps from Image. Internal format is PF_L8,1984x1984x1.
17:39:12: GLSL link result : 
17:39:12: GLSL link result : 
17:39:12: GLSL link result : 
